current directory: /home/ec2-user/test_deploy/shared/bundle/ruby/2.5.0/gems/bootsnap-1.7.2/ext/bootsnap
/home/ec2-user/.rbenv/versions/2.5.7/bin/ruby -r ./siteconf20210310-10769-1d22hzg.rb extconf.rb
creating Makefile

current directory: /home/ec2-user/test_deploy/shared/bundle/ruby/2.5.0/gems/bootsnap-1.7.2/ext/bootsnap
make "DESTDIR=" clean

current directory: /home/ec2-user/test_deploy/shared/bundle/ruby/2.5.0/gems/bootsnap-1.7.2/ext/bootsnap
make "DESTDIR="
compiling bootsnap.c
bootsnap.c: 関数 ‘bs_rb_fetch’ 内:
bootsnap.c:355:3: 警告: ISO C90 は宣言とコードの混合を禁止しています [-Wdeclaration-after-statement]
   char * cachedir = RSTRING_PTR(cachedir_v);
   ^~~~
bootsnap.c: 関数 ‘bs_rb_precompile’ 内:
bootsnap.c:382:3: 警告: ISO C90 は宣言とコードの混合を禁止しています [-Wdeclaration-after-statement]
   char * cachedir = RSTRING_PTR(cachedir_v);
   ^~~~
bootsnap.c: 関数 ‘bs_rb_fetch’ 内:
bootsnap.c:743:13: 警告: ‘output_data’ はこの関数内初期化されずに使用されるかもしれません [-Wmaybe-uninitialized]
     else if (!NIL_P(output_data)) goto succeed; /* fast-path, goal */
             ^
bootsnap.c:706:9: 備考: ‘output_data’ はここで定義されています
   VALUE output_data;  /* return data, e.g. ruby hash or loaded iseq */
         ^~~~~~~~~~~
bootsnap.c: トップレベル:
cc1: 警告: 認識できないコマンドラインオプション ‘-Wno-self-assign’ です
cc1: 警告: 認識できないコマンドラインオプション ‘-Wno-constant-logical-operand’ です
cc1: 警告: 認識できないコマンドラインオプション ‘-Wno-parentheses-equality’ です
linking shared-object bootsnap/bootsnap.so

current directory: /home/ec2-user/test_deploy/shared/bundle/ruby/2.5.0/gems/bootsnap-1.7.2/ext/bootsnap
make "DESTDIR=" install
/usr/bin/install -c -m 0755 bootsnap.so ./.gem.20210310-10769-1u3c98f/bootsnap
