=== puma startup: 2021-03-10 09:57:43 +0000 ===
bundler: failed to load command: puma (/home/ec2-user/test_deploy/shared/bundle/ruby/2.5.0/bin/puma)
/home/ec2-user/test_deploy/shared/bundle/ruby/2.5.0/gems/puma-3.12.6/lib/puma/binder.rb:371:in `initialize': No such file or directory - connect(2) for /home/ec2-user/test_deploy/shared/tmp/sockets/puma.sock (Errno::ENOENT)
	from /home/ec2-user/test_deploy/shared/bundle/ruby/2.5.0/gems/puma-3.12.6/lib/puma/binder.rb:371:in `new'
	from /home/ec2-user/test_deploy/shared/bundle/ruby/2.5.0/gems/puma-3.12.6/lib/puma/binder.rb:371:in `add_unix_listener'
	from /home/ec2-user/test_deploy/shared/bundle/ruby/2.5.0/gems/puma-3.12.6/lib/puma/binder.rb:141:in `block in parse'
	from /home/ec2-user/test_deploy/shared/bundle/ruby/2.5.0/gems/puma-3.12.6/lib/puma/binder.rb:90:in `each'
	from /home/ec2-user/test_deploy/shared/bundle/ruby/2.5.0/gems/puma-3.12.6/lib/puma/binder.rb:90:in `parse'
	from /home/ec2-user/test_deploy/shared/bundle/ruby/2.5.0/gems/puma-3.12.6/lib/puma/runner.rb:153:in `load_and_bind'
	from /home/ec2-user/test_deploy/shared/bundle/ruby/2.5.0/gems/puma-3.12.6/lib/puma/single.rb:98:in `run'
	from /home/ec2-user/test_deploy/shared/bundle/ruby/2.5.0/gems/puma-3.12.6/lib/puma/launcher.rb:186:in `run'
	from /home/ec2-user/test_deploy/shared/bundle/ruby/2.5.0/gems/puma-3.12.6/lib/puma/cli.rb:80:in `run'
	from /home/ec2-user/test_deploy/shared/bundle/ruby/2.5.0/gems/puma-3.12.6/bin/puma:10:in `<top (required)>'
	from /home/ec2-user/test_deploy/shared/bundle/ruby/2.5.0/bin/puma:23:in `load'
	from /home/ec2-user/test_deploy/shared/bundle/ruby/2.5.0/bin/puma:23:in `<top (required)>'
	from /home/ec2-user/.rbenv/versions/2.5.7/lib/ruby/gems/2.5.0/gems/bundler-2.2.14/lib/bundler/cli/exec.rb:63:in `load'
	from /home/ec2-user/.rbenv/versions/2.5.7/lib/ruby/gems/2.5.0/gems/bundler-2.2.14/lib/bundler/cli/exec.rb:63:in `kernel_load'
	from /home/ec2-user/.rbenv/versions/2.5.7/lib/ruby/gems/2.5.0/gems/bundler-2.2.14/lib/bundler/cli/exec.rb:28:in `run'
	from /home/ec2-user/.rbenv/versions/2.5.7/lib/ruby/gems/2.5.0/gems/bundler-2.2.14/lib/bundler/cli.rb:494:in `exec'
	from /home/ec2-user/.rbenv/versions/2.5.7/lib/ruby/gems/2.5.0/gems/bundler-2.2.14/lib/bundler/vendor/thor/lib/thor/command.rb:27:in `run'
	from /home/ec2-user/.rbenv/versions/2.5.7/lib/ruby/gems/2.5.0/gems/bundler-2.2.14/lib/bundler/vendor/thor/lib/thor/invocation.rb:127:in `invoke_command'
	from /home/ec2-user/.rbenv/versions/2.5.7/lib/ruby/gems/2.5.0/gems/bundler-2.2.14/lib/bundler/vendor/thor/lib/thor.rb:392:in `dispatch'
	from /home/ec2-user/.rbenv/versions/2.5.7/lib/ruby/gems/2.5.0/gems/bundler-2.2.14/lib/bundler/cli.rb:30:in `dispatch'
	from /home/ec2-user/.rbenv/versions/2.5.7/lib/ruby/gems/2.5.0/gems/bundler-2.2.14/lib/bundler/vendor/thor/lib/thor/base.rb:485:in `start'
	from /home/ec2-user/.rbenv/versions/2.5.7/lib/ruby/gems/2.5.0/gems/bundler-2.2.14/lib/bundler/cli.rb:24:in `start'
	from /home/ec2-user/.rbenv/versions/2.5.7/lib/ruby/gems/2.5.0/gems/bundler-2.2.14/exe/bundle:49:in `block in <top (required)>'
	from /home/ec2-user/.rbenv/versions/2.5.7/lib/ruby/gems/2.5.0/gems/bundler-2.2.14/lib/bundler/friendly_errors.rb:130:in `with_friendly_errors'
	from /home/ec2-user/.rbenv/versions/2.5.7/lib/ruby/gems/2.5.0/gems/bundler-2.2.14/exe/bundle:37:in `<top (required)>'
	from /home/ec2-user/.rbenv/versions/2.5.7/bin/bundle:23:in `load'
	from /home/ec2-user/.rbenv/versions/2.5.7/bin/bundle:23:in `<main>'
=== puma startup: 2021-03-10 11:19:00 +0000 ===
bundler: failed to load command: puma (/home/ec2-user/test_deploy/shared/bundle/ruby/2.5.0/bin/puma)
/home/ec2-user/test_deploy/shared/bundle/ruby/2.5.0/gems/puma-3.12.6/lib/puma/binder.rb:371:in `initialize': No such file or directory - connect(2) for /home/ec2-user/test_deploy/shared/tmp/sockets/puma.sock (Errno::ENOENT)
	from /home/ec2-user/test_deploy/shared/bundle/ruby/2.5.0/gems/puma-3.12.6/lib/puma/binder.rb:371:in `new'
	from /home/ec2-user/test_deploy/shared/bundle/ruby/2.5.0/gems/puma-3.12.6/lib/puma/binder.rb:371:in `add_unix_listener'
	from /home/ec2-user/test_deploy/shared/bundle/ruby/2.5.0/gems/puma-3.12.6/lib/puma/binder.rb:141:in `block in parse'
	from /home/ec2-user/test_deploy/shared/bundle/ruby/2.5.0/gems/puma-3.12.6/lib/puma/binder.rb:90:in `each'
	from /home/ec2-user/test_deploy/shared/bundle/ruby/2.5.0/gems/puma-3.12.6/lib/puma/binder.rb:90:in `parse'
	from /home/ec2-user/test_deploy/shared/bundle/ruby/2.5.0/gems/puma-3.12.6/lib/puma/runner.rb:153:in `load_and_bind'
	from /home/ec2-user/test_deploy/shared/bundle/ruby/2.5.0/gems/puma-3.12.6/lib/puma/single.rb:98:in `run'
	from /home/ec2-user/test_deploy/shared/bundle/ruby/2.5.0/gems/puma-3.12.6/lib/puma/launcher.rb:186:in `run'
	from /home/ec2-user/test_deploy/shared/bundle/ruby/2.5.0/gems/puma-3.12.6/lib/puma/cli.rb:80:in `run'
	from /home/ec2-user/test_deploy/shared/bundle/ruby/2.5.0/gems/puma-3.12.6/bin/puma:10:in `<top (required)>'
	from /home/ec2-user/test_deploy/shared/bundle/ruby/2.5.0/bin/puma:23:in `load'
	from /home/ec2-user/test_deploy/shared/bundle/ruby/2.5.0/bin/puma:23:in `<top (required)>'
	from /home/ec2-user/.rbenv/versions/2.5.7/lib/ruby/gems/2.5.0/gems/bundler-2.2.14/lib/bundler/cli/exec.rb:63:in `load'
	from /home/ec2-user/.rbenv/versions/2.5.7/lib/ruby/gems/2.5.0/gems/bundler-2.2.14/lib/bundler/cli/exec.rb:63:in `kernel_load'
	from /home/ec2-user/.rbenv/versions/2.5.7/lib/ruby/gems/2.5.0/gems/bundler-2.2.14/lib/bundler/cli/exec.rb:28:in `run'
	from /home/ec2-user/.rbenv/versions/2.5.7/lib/ruby/gems/2.5.0/gems/bundler-2.2.14/lib/bundler/cli.rb:494:in `exec'
	from /home/ec2-user/.rbenv/versions/2.5.7/lib/ruby/gems/2.5.0/gems/bundler-2.2.14/lib/bundler/vendor/thor/lib/thor/command.rb:27:in `run'
	from /home/ec2-user/.rbenv/versions/2.5.7/lib/ruby/gems/2.5.0/gems/bundler-2.2.14/lib/bundler/vendor/thor/lib/thor/invocation.rb:127:in `invoke_command'
	from /home/ec2-user/.rbenv/versions/2.5.7/lib/ruby/gems/2.5.0/gems/bundler-2.2.14/lib/bundler/vendor/thor/lib/thor.rb:392:in `dispatch'
	from /home/ec2-user/.rbenv/versions/2.5.7/lib/ruby/gems/2.5.0/gems/bundler-2.2.14/lib/bundler/cli.rb:30:in `dispatch'
	from /home/ec2-user/.rbenv/versions/2.5.7/lib/ruby/gems/2.5.0/gems/bundler-2.2.14/lib/bundler/vendor/thor/lib/thor/base.rb:485:in `start'
	from /home/ec2-user/.rbenv/versions/2.5.7/lib/ruby/gems/2.5.0/gems/bundler-2.2.14/lib/bundler/cli.rb:24:in `start'
	from /home/ec2-user/.rbenv/versions/2.5.7/lib/ruby/gems/2.5.0/gems/bundler-2.2.14/exe/bundle:49:in `block in <top (required)>'
	from /home/ec2-user/.rbenv/versions/2.5.7/lib/ruby/gems/2.5.0/gems/bundler-2.2.14/lib/bundler/friendly_errors.rb:130:in `with_friendly_errors'
	from /home/ec2-user/.rbenv/versions/2.5.7/lib/ruby/gems/2.5.0/gems/bundler-2.2.14/exe/bundle:37:in `<top (required)>'
	from /home/ec2-user/.rbenv/versions/2.5.7/bin/bundle:23:in `load'
	from /home/ec2-user/.rbenv/versions/2.5.7/bin/bundle:23:in `<main>'
